TN:
SF:src\components\atoms\atoms.css
FNF:0
FNH:0
LF:0
LH:0
BRF:0
BRH:0
end_of_record
TN:
SF:src\components\atoms\Avatar\index.tsx
FN:7,Avatar
FN:10,(anonymous_1)
FNF:2
FNH:2
FNDA:17,Avatar
FNDA:33,(anonymous_1)
DA:8,17
DA:10,33
DA:15,17
LF:3
LH:3
BRF:0
BRH:0
end_of_record
TN:
SF:src\components\atoms\Badge\index.tsx
FN:18,Badge
FNF:1
FNH:1
FNDA:56,Badge
DA:7,6
DA:19,56
LF:2
LH:2
BRF:0
BRH:0
end_of_record
TN:
SF:src\components\atoms\Button\index.tsx
FN:9,Button
FNF:1
FNH:1
FNDA:105,Button
DA:14,105
LF:1
LH:1
BRDA:11,0,0,105
BRDA:16,1,0,61
BRDA:16,1,1,44
BRF:3
BRH:3
end_of_record
TN:
SF:src\components\atoms\Checkbox\index.tsx
FN:8,Checkbox
FN:14,(anonymous_1)
FNF:2
FNH:2
FNDA:4,Checkbox
FNDA:1,(anonymous_1)
DA:9,4
DA:14,1
LF:2
LH:2
BRDA:8,0,0,4
BRF:1
BRH:1
end_of_record
TN:
SF:src\components\atoms\Icon\index.tsx
FN:7,Icon
FNF:1
FNH:1
FNDA:2,Icon
DA:8,2
LF:1
LH:1
BRF:0
BRH:0
end_of_record
TN:
SF:src\components\atoms\Input\index.tsx
FN:11,Input
FN:20,(anonymous_1)
FNF:2
FNH:2
FNDA:27,Input
FNDA:12,(anonymous_1)
DA:16,27
DA:21,12
LF:2
LH:2
BRDA:12,0,0,27
BRDA:13,1,0,27
BRF:2
BRH:2
end_of_record
TN:
SF:src\components\molecules\ChallengeItem\index.tsx
FN:11,ChallengeItem
FNF:1
FNH:1
FNDA:24,ChallengeItem
DA:13,24
DA:15,24
LF:2
LH:2
BRDA:13,0,0,13
BRDA:13,0,1,11
BRF:2
BRH:2
end_of_record
TN:
SF:src\components\molecules\FormField\index.tsx
FN:11,FormField
FNF:1
FNH:1
FNDA:3,FormField
DA:17,3
LF:1
LH:1
BRF:0
BRH:0
end_of_record
TN:
SF:src\components\molecules\SearchBar\index.tsx
FN:11,SearchBar
FNF:1
FNH:1
FNDA:20,SearchBar
DA:16,20
LF:1
LH:1
BRDA:12,0,0,20
BRF:1
BRH:1
end_of_record
TN:
SF:src\components\organisms\AddChallengeForm\index.tsx
FN:10,AddChallengeForm
FN:13,(anonymous_1)
FN:32,(anonymous_2)
FNF:3
FNH:3
FNDA:59,AddChallengeForm
FNDA:3,(anonymous_1)
FNDA:39,(anonymous_2)
DA:11,59
DA:13,59
DA:14,3
DA:15,3
DA:19,3
DA:23,59
DA:33,39
LF:7
LH:7
BRDA:14,0,0,3
BRDA:14,0,1,0
BRDA:38,1,0,39
BRDA:38,1,1,19
BRF:4
BRH:3
end_of_record
TN:
SF:src\components\organisms\ChallengeList\index.tsx
FN:10,ChallengeList
FN:24,(anonymous_1)
FN:28,(anonymous_2)
FNF:3
FNH:3
FNDA:10,ChallengeList
FNDA:19,(anonymous_1)
FNDA:1,(anonymous_2)
DA:14,10
DA:15,1
DA:22,9
DA:25,19
DA:28,1
LF:5
LH:5
BRDA:14,0,0,1
BRDA:14,0,1,9
BRF:2
BRH:2
end_of_record
TN:
SF:src\components\organisms\Navbar\index.tsx
FN:4,Navbar
FNF:1
FNH:1
FNDA:14,Navbar
DA:5,14
LF:1
LH:1
BRF:0
BRH:0
end_of_record
TN:
SF:src\components\organisms\Sidebar\index.tsx
FN:4,Sidebar
FNF:1
FNH:1
FNDA:14,Sidebar
DA:5,14
LF:1
LH:1
BRF:0
BRH:0
end_of_record
TN:
SF:src\components\pages\DashboardPage\index.tsx
FN:3,DashboardPage
FNF:1
FNH:1
FNDA:2,DashboardPage
DA:4,2
LF:1
LH:1
BRF:0
BRH:0
end_of_record
TN:
SF:src\components\pages\SettingsPage\index.tsx
FN:13,SettingsPage
FN:17,(anonymous_1)
FNF:2
FNH:2
FNDA:11,SettingsPage
FNDA:5,(anonymous_1)
DA:14,11
DA:15,11
DA:17,11
DA:18,5
DA:21,11
LF:5
LH:5
BRF:0
BRH:0
end_of_record
TN:
SF:src\components\templates\BasicTemplate\index.tsx
FN:13,BasicTemplate
FNF:1
FNH:1
FNDA:4,BasicTemplate
DA:14,4
DA:16,4
LF:2
LH:2
BRDA:58,0,0,4
BRDA:58,0,1,0
BRF:2
BRH:1
end_of_record
TN:
SF:src\components\templates\DashboardTemplate\index.tsx
FN:11,DashboardTemplate
FN:16,(anonymous_1)
FN:17,(anonymous_2)
FN:27,(anonymous_3)
FN:31,(anonymous_4)
FN:36,(anonymous_5)
FN:45,(anonymous_6)
FN:49,(anonymous_7)
FN:50,(anonymous_8)
FN:60,(anonymous_9)
FN:62,(anonymous_10)
FNF:11
FNH:10
FNDA:15,DashboardTemplate
FNDA:6,(anonymous_1)
FNDA:6,(anonymous_2)
FNDA:1,(anonymous_3)
FNDA:1,(anonymous_4)
FNDA:0,(anonymous_5)
FNDA:1,(anonymous_6)
FNDA:1,(anonymous_7)
FNDA:2,(anonymous_8)
FNDA:12,(anonymous_9)
FNDA:13,(anonymous_10)
DA:12,15
DA:13,15
DA:14,15
DA:16,15
DA:17,6
DA:18,6
DA:19,6
DA:20,6
DA:21,6
DA:24,6
DA:27,15
DA:28,1
DA:30,1
DA:31,1
DA:32,1
DA:35,0
DA:36,0
DA:45,15
DA:46,1
DA:47,1
DA:49,1
DA:50,1
DA:51,2
DA:55,1
DA:56,1
DA:60,15
DA:62,12
DA:63,13
DA:68,15
LF:29
LH:27
BRDA:30,0,0,1
BRDA:30,0,1,0
BRDA:46,1,0,1
BRDA:46,1,1,0
BRDA:51,2,0,1
BRDA:51,2,1,1
BRDA:55,3,0,1
BRDA:55,3,1,0
BRDA:78,4,0,6
BRDA:78,4,1,7
BRDA:80,5,0,6
BRDA:80,5,1,7
BRF:12
BRH:9
end_of_record
TN:
SF:src\context\ThemeContext.tsx
FN:19,(anonymous_0)
FN:22,AppThemeProvider
FN:25,(anonymous_2)
FN:35,(anonymous_3)
FN:36,(anonymous_4)
FN:39,(anonymous_5)
FN:51,useAppTheme
FNF:7
FNH:2
FNDA:1,(anonymous_0)
FNDA:0,AppThemeProvider
FNDA:0,(anonymous_2)
FNDA:0,(anonymous_3)
FNDA:0,(anonymous_4)
FNDA:0,(anonymous_5)
FNDA:15,useAppTheme
DA:17,2
DA:19,1
DA:23,0
DA:25,0
DA:35,0
DA:36,0
DA:39,0
DA:41,0
DA:52,15
LF:9
LH:3
BRDA:36,0,0,0
BRDA:36,0,1,0
BRF:2
BRH:0
end_of_record
TN:
SF:src\services\ChallengeAPI.ts
FN:14,(anonymous_0)
FN:27,(anonymous_1)
FN:38,(anonymous_2)
FN:41,(anonymous_3)
FN:42,(anonymous_4)
FN:49,(anonymous_5)
FN:60,(anonymous_6)
FN:63,(anonymous_7)
FN:64,(anonymous_8)
FN:73,(anonymous_9)
FN:87,(anonymous_10)
FN:92,(anonymous_11)
FN:93,(anonymous_12)
FN:102,(anonymous_13)
FN:119,(anonymous_14)
FN:125,(anonymous_15)
FN:126,(anonymous_16)
FN:135,(anonymous_17)
FN:146,(anonymous_18)
FN:149,(anonymous_19)
FN:150,(anonymous_20)
FN:159,(anonymous_21)
FN:167,(anonymous_22)
FN:175,(anonymous_23)
FN:178,(anonymous_24)
FN:186,(anonymous_25)
FN:188,(anonymous_26)
FN:188,(anonymous_27)
FN:189,(anonymous_28)
FN:196,(anonymous_29)
FNF:30
FNH:2
FNDA:1,(anonymous_0)
FNDA:1,(anonymous_1)
FNDA:0,(anonymous_2)
FNDA:0,(anonymous_3)
FNDA:0,(anonymous_4)
FNDA:0,(anonymous_5)
FNDA:0,(anonymous_6)
FNDA:0,(anonymous_7)
FNDA:0,(anonymous_8)
FNDA:0,(anonymous_9)
FNDA:0,(anonymous_10)
FNDA:0,(anonymous_11)
FNDA:0,(anonymous_12)
FNDA:0,(anonymous_13)
FNDA:0,(anonymous_14)
FNDA:0,(anonymous_15)
FNDA:0,(anonymous_16)
FNDA:0,(anonymous_17)
FNDA:0,(anonymous_18)
FNDA:0,(anonymous_19)
FNDA:0,(anonymous_20)
FNDA:0,(anonymous_21)
FNDA:0,(anonymous_22)
FNDA:0,(anonymous_23)
FNDA:0,(anonymous_24)
FNDA:0,(anonymous_25)
FNDA:0,(anonymous_26)
FNDA:0,(anonymous_27)
FNDA:0,(anonymous_28)
FNDA:0,(anonymous_29)
DA:5,1
DA:14,1
DA:15,1
DA:16,1
DA:18,0
DA:20,1
DA:23,1
DA:28,1
DA:29,1
DA:30,0
DA:32,1
DA:33,1
DA:39,0
DA:41,0
DA:43,0
DA:44,0
DA:50,0
DA:51,0
DA:52,0
DA:54,0
DA:55,0
DA:61,0
DA:63,0
DA:65,0
DA:66,0
DA:74,0
DA:75,0
DA:79,0
DA:81,0
DA:82,0
DA:90,0
DA:92,0
DA:94,0
DA:95,0
DA:106,0
DA:107,0
DA:111,0
DA:113,0
DA:114,0
DA:123,0
DA:125,0
DA:127,0
DA:128,0
DA:136,0
DA:137,0
DA:138,0
DA:140,0
DA:141,0
DA:147,0
DA:149,0
DA:151,0
DA:152,0
DA:163,0
DA:171,0
DA:176,0
DA:177,0
DA:178,0
DA:180,0
DA:181,0
DA:187,0
DA:188,0
DA:190,0
DA:191,0
DA:197,0
LF:64
LH:10
BRDA:15,0,0,1
BRDA:15,0,1,0
BRF:2
BRH:1
end_of_record
